<?xml version="1.0" encoding="UTF-8"?>
<testsuite xmlns:xsi="http://www.w3.org/2001/XMLSchema-instance" xsi:noNamespaceSchemaLocation="https://maven.apache.org/surefire/maven-surefire-plugin/xsd/surefire-test-report.xsd" version="3.0.2" name="com.inn.bakery.ApplicationTests" time="10.388" tests="1" errors="0" skipped="0" failures="0">
  <properties>
[...]
</properties>
  <testcase name="contextLoads" classname="com.inn.bakery.ApplicationTests" time="0.715">
    <system-out><![CDATA[18:48:24.007 [main] INFO org.springframework.test.context.support.AnnotationConfigContextLoaderUtils -- Could not detect default configuration classes for test class [com.inn.bakery.ApplicationTests]: ApplicationTests does not declare any static, non-private, non-final, nested classes annotated with @Configuration.
18:48:24.211 [main] INFO org.springframework.boot.test.context.SpringBootTestContextBootstrapper -- Found @SpringBootConfiguration com.inn.bakery.BakeryManagementApplication for test class com.inn.bakery.ApplicationTests

  .   ____          _            __ _ _
 /\\ / ___'_ __ _ _(_)_ __  __ _ \ \ \ \
( ( )\___ | '_ | '_| | '_ \/ _` | \ \ \ \
 \\/  ___)| |_)| | | | | || (_| |  ) ) ) )
  '  |____| .__|_| |_|_| |_\__, | / / / /
 =========|_|==============|___/=/_/_/_/

 :: Spring Boot ::                (v3.4.2)

2025-03-11T18:48:24.985+06:30  INFO 23956 --- [com.inn.bakery] [           main] com.inn.bakery.ApplicationTests          : Starting ApplicationTests using Java 21.0.5 with PID 23956 (started by EiKhineMoe in D:\Final Capstone\BakeryManagement-backend\com.inn.bakery)
2025-03-11T18:48:24.989+06:30  INFO 23956 --- [com.inn.bakery] [           main] com.inn.bakery.ApplicationTests          : No active profile set, falling back to 1 default profile: "default"
2025-03-11T18:48:26.227+06:30  INFO 23956 --- [com.inn.bakery] [           main] .s.d.r.c.RepositoryConfigurationDelegate : Bootstrapping Spring Data JPA repositories in DEFAULT mode.
2025-03-11T18:48:26.378+06:30  INFO 23956 --- [com.inn.bakery] [           main] .s.d.r.c.RepositoryConfigurationDelegate : Finished Spring Data repository scanning in 134 ms. Found 4 JPA repository interfaces.
2025-03-11T18:48:27.300+06:30  INFO 23956 --- [com.inn.bakery] [           main] o.hibernate.jpa.internal.util.LogHelper  : HHH000204: Processing PersistenceUnitInfo [name: default]
2025-03-11T18:48:27.451+06:30  INFO 23956 --- [com.inn.bakery] [           main] org.hibernate.Version                    : HHH000412: Hibernate ORM core version 6.6.5.Final
2025-03-11T18:48:27.531+06:30  INFO 23956 --- [com.inn.bakery] [           main] o.h.c.internal.RegionFactoryInitiator    : HHH000026: Second-level cache disabled
2025-03-11T18:48:28.202+06:30  INFO 23956 --- [com.inn.bakery] [           main] o.s.o.j.p.SpringPersistenceUnitInfo      : No LoadTimeWeaver setup: ignoring JPA class transformer
2025-03-11T18:48:28.265+06:30  INFO 23956 --- [com.inn.bakery] [           main] com.zaxxer.hikari.HikariDataSource       : HikariPool-1 - Starting...
2025-03-11T18:48:29.074+06:30  INFO 23956 --- [com.inn.bakery] [           main] com.zaxxer.hikari.pool.HikariPool        : HikariPool-1 - Added connection com.mysql.cj.jdbc.ConnectionImpl@15914bb5
2025-03-11T18:48:29.080+06:30  INFO 23956 --- [com.inn.bakery] [           main] com.zaxxer.hikari.HikariDataSource       : HikariPool-1 - Start completed.
2025-03-11T18:48:29.184+06:30  WARN 23956 --- [com.inn.bakery] [           main] org.hibernate.orm.deprecation            : HHH90000025: MySQL8Dialect does not need to be specified explicitly using 'hibernate.dialect' (remove the property setting and it will be selected by default)
2025-03-11T18:48:29.185+06:30  WARN 23956 --- [com.inn.bakery] [           main] org.hibernate.orm.deprecation            : HHH90000026: MySQL8Dialect has been deprecated; use org.hibernate.dialect.MySQLDialect instead
2025-03-11T18:48:29.223+06:30  INFO 23956 --- [com.inn.bakery] [           main] org.hibernate.orm.connections.pooling    : HHH10001005: Database info:
	Database JDBC URL [Connecting through datasource 'HikariDataSource (HikariPool-1)']
	Database driver: undefined/unknown
	Database version: 8.0
	Autocommit mode: undefined/unknown
	Isolation level: undefined/unknown
	Minimum pool size: undefined/unknown
	Maximum pool size: undefined/unknown
2025-03-11T18:48:30.395+06:30  INFO 23956 --- [com.inn.bakery] [           main] o.h.e.t.j.p.i.JtaPlatformInitiator       : HHH000489: No JTA platform available (set 'hibernate.transaction.jta.platform' to enable JTA platform integration)
2025-03-11T18:48:31.207+06:30  INFO 23956 --- [com.inn.bakery] [           main] j.LocalContainerEntityManagerFactoryBean : Initialized JPA EntityManagerFactory for persistence unit 'default'
2025-03-11T18:48:31.909+06:30  WARN 23956 --- [com.inn.bakery] [           main] JpaBaseConfiguration$JpaWebConfiguration : spring.jpa.open-in-view is enabled by default. Therefore, database queries may be performed during view rendering. Explicitly configure spring.jpa.open-in-view to disable this warning
2025-03-11T18:48:31.981+06:30  INFO 23956 --- [com.inn.bakery] [           main] r$InitializeUserDetailsManagerConfigurer : Global AuthenticationManager configured with UserDetailsService bean with name customerUsersDetailsService
2025-03-11T18:48:32.625+06:30 DEBUG 23956 --- [com.inn.bakery] [           main] edFilterInvocationSecurityMetadataSource : Adding web access control expression [permitAll] for Deferred [Mvc [pattern='/user/login'], Ant [pattern='/user/login']]
2025-03-11T18:48:32.663+06:30 DEBUG 23956 --- [com.inn.bakery] [           main] edFilterInvocationSecurityMetadataSource : Adding web access control expression [permitAll] for Deferred [Mvc [pattern='/user/signup'], Ant [pattern='/user/signup']]
2025-03-11T18:48:32.663+06:30 DEBUG 23956 --- [com.inn.bakery] [           main] edFilterInvocationSecurityMetadataSource : Adding web access control expression [permitAll] for Deferred [Mvc [pattern='/user/forgotPassword'], Ant [pattern='/user/forgotPassword']]
2025-03-11T18:48:32.663+06:30 DEBUG 23956 --- [com.inn.bakery] [           main] edFilterInvocationSecurityMetadataSource : Adding web access control expression [authenticated] for any request
2025-03-11T18:48:32.675+06:30 DEBUG 23956 --- [com.inn.bakery] [           main] o.s.s.web.DefaultSecurityFilterChain     : Will secure any request with filters: DisableEncodeUrlFilter, WebAsyncManagerIntegrationFilter, SecurityContextHolderFilter, HeaderWriterFilter, CorsFilter, LogoutFilter, JwtFilter, RequestCacheAwareFilter, SecurityContextHolderAwareRequestFilter, AnonymousAuthenticationFilter, SessionManagementFilter, ExceptionTranslationFilter, FilterSecurityInterceptor
2025-03-11T18:48:33.296+06:30  INFO 23956 --- [com.inn.bakery] [           main] com.inn.bakery.ApplicationTests          : Started ApplicationTests in 8.812 seconds (process running for 10.656)
]]></system-out>
    <system-err><![CDATA[Mockito is currently self-attaching to enable the inline-mock-maker. This will no longer work in future releases of the JDK. Please add Mockito as an agent to your build what is described in Mockito's documentation: https://javadoc.io/doc/org.mockito/mockito-core/latest/org/mockito/Mockito.html#0.3
WARNING: A Java agent has been loaded dynamically (C:\Users\User\.m2\repository\net\bytebuddy\byte-buddy-agent\1.15.11\byte-buddy-agent-1.15.11.jar)
WARNING: If a serviceability tool is in use, please run with -XX:+EnableDynamicAgentLoading to hide this warning
WARNING: If a serviceability tool is not in use, please run with -Djdk.instrument.traceUsage for more information
WARNING: Dynamic loading of agents will be disallowed by default in a future release
]]></system-err>
  </testcase>
</testsuite>